<?xml version="1.0" encoding="UTF-8"?>
<!-- Generated by org.testng.reporters.JUnitXMLReporter -->
<testsuite hostname="dell-PC" ignored="0" name="Test" tests="6" failures="6" timestamp="04 Jul 2020 09:16:00 GMT" time="170.636" errors="0">
  <testcase name="f" time="5.511" classname="extrep1.extend_report_ddpp">
    <failure type="java.lang.AssertionError" message="expected [oracle] but found [Application Express Login]">
      <![CDATA[java.lang.AssertionError: expected [oracle] but found [Application Express Login]
at extrep1.extend_report_ddpp.f(extend_report_ddpp.java:84)
... Removed 31 stack frames]]>
    </failure>
  </testcase> <!-- f -->
  <testcase name="f" time="4.565" classname="extrep1.extend_report_ddpp">
    <failure type="java.lang.AssertionError" message="expected [oracle] but found [Application Express Login]">
      <![CDATA[java.lang.AssertionError: expected [oracle] but found [Application Express Login]
at extrep1.extend_report_ddpp.f(extend_report_ddpp.java:84)
... Removed 31 stack frames]]>
    </failure>
  </testcase> <!-- f -->
  <testcase name="f" time="4.578" classname="extrep1.extend_report_ddpp">
    <failure type="java.lang.AssertionError" message="expected [oracle] but found [Application Express Login]">
      <![CDATA[java.lang.AssertionError: expected [oracle] but found [Application Express Login]
at extrep1.extend_report_ddpp.f(extend_report_ddpp.java:84)
... Removed 31 stack frames]]>
    </failure>
  </testcase> <!-- f -->
  <testcase name="f" time="7.829" classname="extrep1.extend_report_ddpp">
    <failure type="java.lang.AssertionError" message="expected [oracle] but found [Application Express Login]">
      <![CDATA[java.lang.AssertionError: expected [oracle] but found [Application Express Login]
at extrep1.extend_report_ddpp.f(extend_report_ddpp.java:84)
... Removed 31 stack frames]]>
    </failure>
  </testcase> <!-- f -->
  <testcase name="f" time="4.475" classname="extrep1.extend_report_ddpp">
    <failure type="java.lang.AssertionError" message="expected [oracle] but found [Application Express Login]">
      <![CDATA[java.lang.AssertionError: expected [oracle] but found [Application Express Login]
at extrep1.extend_report_ddpp.f(extend_report_ddpp.java:84)
... Removed 31 stack frames]]>
    </failure>
  </testcase> <!-- f -->
  <testcase name="f" time="6.872" classname="extrep1.extend_report_ddpp">
    <failure type="java.lang.AssertionError" message="expected [oracle] but found [Application Express Login]">
      <![CDATA[java.lang.AssertionError: expected [oracle] but found [Application Express Login]
at extrep1.extend_report_ddpp.f(extend_report_ddpp.java:84)
... Removed 31 stack frames]]>
    </failure>
  </testcase> <!-- f -->
</testsuite> <!-- Test -->
